<?xml version="1.0" encoding="UTF-8"?>
<robot generator="Robot 5.0.1 (Python 3.9.7 on win32)" generated="20220714 12:01:49.444" rpa="false" schemaversion="3">
<suite id="s1" name="Login" source="c:\Users\belen.santacruz\OneDrive - intive\Desktop\PythonFramework\PageObjects\Login.robot">
<test id="s1-t1" name="Navigate to login page" line="5">
<kw name="Open Browser" library="SeleniumLibrary">
<arg>http://www.saucedemo.com</arg>
<arg>Chrome</arg>
<doc>Opens a new browser instance to the optional ``url``.</doc>
<msg timestamp="20220714 12:01:49.626" level="INFO">Opening browser 'Chrome' to base url 'http://www.saucedemo.com'.</msg>
<msg timestamp="20220714 12:01:49.646" level="INFO">Cannot capture screenshot because no browser is open.</msg>
<msg timestamp="20220714 12:01:49.646" level="FAIL">WebDriverException: Message: 'chromedriver' executable needs to be in PATH. Please see https://chromedriver.chromium.org/home
</msg>
<status status="FAIL" starttime="20220714 12:01:49.626" endtime="20220714 12:01:49.648"/>
</kw>
<kw name="Sleep" library="BuiltIn">
<arg>5s</arg>
<doc>Pauses the test executed for the given time.</doc>
<status status="NOT RUN" starttime="20220714 12:01:49.649" endtime="20220714 12:01:49.649"/>
</kw>
<kw name="Close Browser" library="SeleniumLibrary">
<doc>Closes the current browser.</doc>
<status status="NOT RUN" starttime="20220714 12:01:49.649" endtime="20220714 12:01:49.649"/>
</kw>
<status status="FAIL" starttime="20220714 12:01:49.625" endtime="20220714 12:01:49.650">WebDriverException: Message: 'chromedriver' executable needs to be in PATH. Please see https://chromedriver.chromium.org/home
</status>
</test>
<status status="FAIL" starttime="20220714 12:01:49.447" endtime="20220714 12:01:49.651"/>
</suite>
<statistics>
<total>
<stat pass="0" fail="1" skip="0">All Tests</stat>
</total>
<tag>
</tag>
<suite>
<stat pass="0" fail="1" skip="0" id="s1" name="Login">Login</stat>
</suite>
</statistics>
<errors>
</errors>
</robot>
